{"uuid":"d45567bb-b37a-4bd2-ab29-19e224cda5a9","historyId":"8c5fc818d7ec12953691383f2c53b1cd","fullName":"automationExercise.tests.Automation.completeUserJourney","labels":[{"name":"package","value":"automationExercise.tests.Automation"},{"name":"testClass","value":"automationExercise.tests.Automation"},{"name":"testMethod","value":"completeUserJourney"},{"name":"parentSuite","value":"Default Suite"},{"name":"suite","value":"Automatin-Test"},{"name":"subSuite","value":"automationExercise.tests.Automation"},{"name":"host","value":"DESKTOP-5D2GVN7"},{"name":"thread","value":"10208@DESKTOP-5D2GVN7.main(1)"},{"name":"framework","value":"testng"},{"name":"language","value":"java"},{"name":"severity","value":"critical"}],"links":[],"name":"completeUserJourney","status":"broken","statusDetails":{"known":false,"muted":false,"flaky":false,"message":"Expected condition failed: waiting for element to be clickable: By.cssSelector: .cart (tried for 15 second(s) with 500 milliseconds interval)","trace":"org.openqa.selenium.TimeoutException: Expected condition failed: waiting for element to be clickable: By.cssSelector: .cart (tried for 15 second(s) with 500 milliseconds interval)\r\n\tat org.openqa.selenium.support.ui.WebDriverWait.timeoutException(WebDriverWait.java:84)\r\n\tat org.openqa.selenium.support.ui.FluentWait.until(FluentWait.java:228)\r\n\tat automationExercise.Pages.ProductSelectionPage.addToCart(ProductSelectionPage.java:39)\r\n\tat automationExercise.tests.Automation.completeUserJourney(Automation.java:65)\r\n\tat java.base/jdk.internal.reflect.DirectMethodHandleAccessor.invoke(DirectMethodHandleAccessor.java:103)\r\n\tat java.base/java.lang.reflect.Method.invoke(Method.java:580)\r\n\tat org.testng.internal.invokers.MethodInvocationHelper.invokeMethod(MethodInvocationHelper.java:141)\r\n\tat org.testng.internal.invokers.TestInvoker.invokeMethod(TestInvoker.java:686)\r\n\tat org.testng.internal.invokers.TestInvoker.invokeTestMethod(TestInvoker.java:230)\r\n\tat org.testng.internal.invokers.MethodRunner.runInSequence(MethodRunner.java:63)\r\n\tat org.testng.internal.invokers.TestInvoker$MethodInvocationAgent.invoke(TestInvoker.java:992)\r\n\tat org.testng.internal.invokers.TestInvoker.invokeTestMethods(TestInvoker.java:203)\r\n\tat org.testng.internal.invokers.TestMethodWorker.invokeTestMethods(TestMethodWorker.java:154)\r\n\tat org.testng.internal.invokers.TestMethodWorker.run(TestMethodWorker.java:134)\r\n\tat java.base/java.util.ArrayList.forEach(ArrayList.java:1596)\r\n\tat org.testng.TestRunner.privateRun(TestRunner.java:739)\r\n\tat org.testng.TestRunner.run(TestRunner.java:614)\r\n\tat org.testng.SuiteRunner.runTest(SuiteRunner.java:421)\r\n\tat org.testng.SuiteRunner.runSequentially(SuiteRunner.java:413)\r\n\tat org.testng.SuiteRunner.privateRun(SuiteRunner.java:373)\r\n\tat org.testng.SuiteRunner.run(SuiteRunner.java:312)\r\n\tat org.testng.SuiteRunnerWorker.runSuite(SuiteRunnerWorker.java:52)\r\n\tat org.testng.SuiteRunnerWorker.run(SuiteRunnerWorker.java:95)\r\n\tat org.testng.TestNG.runSuitesSequentially(TestNG.java:1274)\r\n\tat org.testng.TestNG.runSuitesLocally(TestNG.java:1208)\r\n\tat org.testng.TestNG.runSuites(TestNG.java:1112)\r\n\tat org.testng.TestNG.run(TestNG.java:1079)\r\n\tat com.intellij.rt.testng.IDEARemoteTestNG.run(IDEARemoteTestNG.java:65)\r\n\tat com.intellij.rt.testng.RemoteTestNGStarter.main(RemoteTestNGStarter.java:105)\r\nCaused by: org.openqa.selenium.NoSuchWindowException: no such window: target window already closed\nfrom unknown error: web view not found\n  (Session info: chrome=135.0.7049.41)\nBuild info: version: '4.27.0', revision: 'd6e718d134'\nSystem info: os.name: 'Windows 10', os.arch: 'amd64', os.version: '10.0', java.version: '21.0.6'\nDriver info: org.openqa.selenium.chrome.ChromeDriver\nCommand: [4df914c5f0fcc36c577821ca712e51a7, findElement {using=css selector, value=.cart}]\nCapabilities {acceptInsecureCerts: false, browserName: chrome, browserVersion: 135.0.7049.41, chrome: {chromedriverVersion: 135.0.7049.42 (0f351bbd2617..., userDataDir: C:\\Users\\dell\\AppData\\Local...}, fedcm:accounts: true, goog:chromeOptions: {debuggerAddress: localhost:57497}, networkConnectionEnabled: false, pageLoadStrategy: normal, platformName: windows, proxy: Proxy(), se:cdp: ws://localhost:57497/devtoo..., se:cdpVersion: 135.0.7049.41, setWindowRect: true, strictFileInteractability: false, timeouts: {implicit: 0, pageLoad: 300000, script: 30000}, unhandledPromptBehavior: dismiss and notify, webauthn:extension:credBlob: true, webauthn:extension:largeBlob: true, webauthn:extension:minPinLength: true, webauthn:extension:prf: true, webauthn:virtualAuthenticators: true}\nSession ID: 4df914c5f0fcc36c577821ca712e51a7\r\n\tat java.base/jdk.internal.reflect.DirectConstructorHandleAccessor.newInstance(DirectConstructorHandleAccessor.java:62)\r\n\tat java.base/java.lang.reflect.Constructor.newInstanceWithCaller(Constructor.java:502)\r\n\tat java.base/java.lang.reflect.Constructor.newInstance(Constructor.java:486)\r\n\tat org.openqa.selenium.remote.ErrorCodec.decode(ErrorCodec.java:167)\r\n\tat org.openqa.selenium.remote.codec.w3c.W3CHttpResponseCodec.decode(W3CHttpResponseCodec.java:138)\r\n\tat org.openqa.selenium.remote.codec.w3c.W3CHttpResponseCodec.decode(W3CHttpResponseCodec.java:50)\r\n\tat org.openqa.selenium.remote.HttpCommandExecutor.execute(HttpCommandExecutor.java:190)\r\n\tat org.openqa.selenium.remote.service.DriverCommandExecutor.invokeExecute(DriverCommandExecutor.java:216)\r\n\tat org.openqa.selenium.remote.service.DriverCommandExecutor.execute(DriverCommandExecutor.java:174)\r\n\tat org.openqa.selenium.remote.RemoteWebDriver.execute(RemoteWebDriver.java:545)\r\n\tat org.openqa.selenium.remote.ElementLocation$ElementFinder$2.findElement(ElementLocation.java:165)\r\n\tat org.openqa.selenium.remote.ElementLocation.findElement(ElementLocation.java:59)\r\n\tat org.openqa.selenium.remote.RemoteWebDriver.findElement(RemoteWebDriver.java:368)\r\n\tat org.openqa.selenium.remote.RemoteWebDriver.findElement(RemoteWebDriver.java:362)\r\n\tat org.openqa.selenium.support.ui.ExpectedConditions$7.apply(ExpectedConditions.java:194)\r\n\tat org.openqa.selenium.support.ui.ExpectedConditions$7.apply(ExpectedConditions.java:190)\r\n\tat org.openqa.selenium.support.ui.ExpectedConditions$22.apply(ExpectedConditions.java:627)\r\n\tat org.openqa.selenium.support.ui.ExpectedConditions$22.apply(ExpectedConditions.java:624)\r\n\tat org.openqa.selenium.support.ui.FluentWait.until(FluentWait.java:203)\r\n\t... 27 more\r\n"},"stage":"finished","description":"Sign up successfully and delete the account","steps":[{"name":"Step 1 : get the url {url}","status":"passed","stage":"finished","steps":[],"attachments":[],"parameters":[],"start":1743622140349,"stop":1743622151953},{"name":"Step 2: click on Signup button","status":"passed","stage":"finished","steps":[{"name":"Click on Element: By.xpath: //a[@href='/login']","status":"passed","stage":"finished","steps":[],"attachments":[],"parameters":[{"name":"driver","value":"ChromeDriver: chrome on windows (4df914c5f0fcc36c577821ca712e51a7)"},{"name":"elementLocator","value":"By.xpath: //a[@href='/login']"}],"start":1743622151958,"stop":1743622152540}],"attachments":[],"parameters":[],"start":1743622151953,"stop":1743622152540},{"name":"Step 3 : fill in username, mail & click on signup button","status":"passed","stage":"finished","steps":[],"attachments":[],"parameters":[{"name":"name","value":"MahamedNabil"},{"name":"Mail","value":"mohamEdNBL.777@gmail.com"}],"start":1743622152663,"stop":1743622153603},{"name":"Step 5: Select Date Of Birth","status":"passed","stage":"finished","steps":[],"attachments":[],"parameters":[{"name":"day","value":"1"},{"name":"month","value":"July"},{"name":"year","value":"1999"}],"start":1743622153613,"stop":1743622153892},{"name":"Step 6: Fill Address Information","status":"passed","stage":"finished","steps":[],"attachments":[],"parameters":[{"name":"password","value":"1999"},{"name":"firstname","value":"mohamed"},{"name":"lastName","value":"nabil"},{"name":"company","value":"valeo"},{"name":"add1","value":"Smouha"},{"name":"add2","value":"Alexandria"},{"name":"contry","value":"Canada"},{"name":"Stat","value":"229"},{"name":"City","value":"Alexandria"},{"name":"zip","value":"123123"},{"name":"fonNumber","value":"01068035384"}],"start":1743622153893,"stop":1743622154892},{"name":"Click on Element: By.cssSelector: a[data-qa=continue-button]","status":"passed","stage":"finished","steps":[],"attachments":[],"parameters":[{"name":"driver","value":"ChromeDriver: chrome on windows (4df914c5f0fcc36c577821ca712e51a7)"},{"name":"elementLocator","value":"By.cssSelector: a[data-qa=continue-button]"}],"start":1743622156024,"stop":1743622157784},{"name":"Step 7 : Assert on Logged In As User Name ","status":"passed","stage":"finished","steps":[],"attachments":[],"parameters":[],"start":1743622157790,"stop":1743622157825},{"name":"Navigate to Home Page","status":"passed","stage":"finished","steps":[{"name":"Click on Element: By.cssSelector: a[href='/']","status":"passed","stage":"finished","steps":[],"attachments":[],"parameters":[{"name":"driver","value":"ChromeDriver: chrome on windows (4df914c5f0fcc36c577821ca712e51a7)"},{"name":"elementLocator","value":"By.cssSelector: a[href='/']"}],"start":1743622157825,"stop":1743622159365}],"attachments":[],"parameters":[],"start":1743622157825,"stop":1743622159365}],"attachments":[],"parameters":[],"start":1743622140237,"stop":1743622177821}